<?xml version="1.0" encoding="UTF-8"?>
<!-- Generated by org.testng.reporters.JUnitReportReporter -->
<testsuite hostname="HDD10998" name="com.psl.guru99.Login" tests="1" failures="0" timestamp="31 May 2016 11:51:02 GMT" time="10.836" errors="0">
  <testcase name="login" time="10.836" classname="com.psl.guru99.Login"/>
</testsuite> <!-- com.psl.guru99.Login -->
