<?xml version="1.0" encoding="UTF-8"?>
<!-- Generated by org.testng.reporters.JUnitReportReporter -->
<testsuite hostname="HDD10998" name="com.psl.guru99.Login" tests="1" failures="0" timestamp="3 Jun 2016 10:41:10 GMT" time="9.402" errors="0">
  <testcase name="login" time="9.402" classname="com.psl.guru99.Login"/>
</testsuite> <!-- com.psl.guru99.Login -->
